04-17 16:33:30 com_github_MitjaNemec_PlaceFootprints.action_place_footprints 674:Plugin executed on: 'win32'
04-17 16:33:30 com_github_MitjaNemec_PlaceFootprints.action_place_footprints 675:Plugin executed with python version: '3.11.5 (main, Jan 23 2026, 07:39:48) [MSC v.1944 64 bit (AMD64)]'
04-17 16:33:30 com_github_MitjaNemec_PlaceFootprints.action_place_footprints 676:KiCad build version: 10.0.0
04-17 16:33:30 com_github_MitjaNemec_PlaceFootprints.action_place_footprints 677:Plugin version: 5.0.0

04-17 16:33:30 com_github_MitjaNemec_PlaceFootprints.action_place_footprints 678:Frame repr: <wx._core.Frame object at 0x00000257D9E1D510>
04-17 16:33:30 com_github_MitjaNemec_PlaceFootprints.place_footprints 121:getting a list of all footprints on board
04-17 16:33:30 com_github_MitjaNemec_PlaceFootprints.place_footprints 156:Footprint J6 on root level
04-17 16:33:30 com_github_MitjaNemec_PlaceFootprints.place_footprints 156:Footprint R15 on root level
04-17 16:33:30 com_github_MitjaNemec_PlaceFootprints.place_footprints 156:Footprint J9 on root level
04-17 16:33:30 com_github_MitjaNemec_PlaceFootprints.place_footprints 156:Footprint R17 on root level
04-17 16:33:30 com_github_MitjaNemec_PlaceFootprints.place_footprints 156:Footprint R16 on root level
04-17 16:33:30 com_github_MitjaNemec_PlaceFootprints.place_footprints 156:Footprint J7 on root level
04-17 16:33:30 com_github_MitjaNemec_PlaceFootprints.place_footprints 156:Footprint J5 on root level
04-17 16:33:30 com_github_MitjaNemec_PlaceFootprints.place_footprints 156:Footprint L2 on root level
04-17 16:33:30 com_github_MitjaNemec_PlaceFootprints.place_footprints 156:Footprint L1 on root level
04-17 16:33:30 com_github_MitjaNemec_PlaceFootprints.place_footprints 156:Footprint SW1 on root level
04-17 16:33:30 com_github_MitjaNemec_PlaceFootprints.place_footprints 156:Footprint R30 on root level
04-17 16:33:30 com_github_MitjaNemec_PlaceFootprints.place_footprints 156:Footprint Q5 on root level
04-17 16:33:30 com_github_MitjaNemec_PlaceFootprints.place_footprints 156:Footprint R28 on root level
04-17 16:33:30 com_github_MitjaNemec_PlaceFootprints.place_footprints 156:Footprint R29 on root level
04-17 16:33:30 com_github_MitjaNemec_PlaceFootprints.place_footprints 156:Footprint Q6 on root level
04-17 16:33:30 com_github_MitjaNemec_PlaceFootprints.place_footprints 156:Footprint R10 on root level
04-17 16:33:30 com_github_MitjaNemec_PlaceFootprints.place_footprints 156:Footprint U6 on root level
04-17 16:33:30 com_github_MitjaNemec_PlaceFootprints.place_footprints 156:Footprint C19 on root level
04-17 16:33:30 com_github_MitjaNemec_PlaceFootprints.place_footprints 156:Footprint J15 on root level
04-17 16:33:30 com_github_MitjaNemec_PlaceFootprints.place_footprints 156:Footprint J23 on root level
04-17 16:33:30 com_github_MitjaNemec_PlaceFootprints.place_footprints 156:Footprint C28 on root level
04-17 16:33:30 com_github_MitjaNemec_PlaceFootprints.place_footprints 156:Footprint C4 on root level
04-17 16:33:30 com_github_MitjaNemec_PlaceFootprints.place_footprints 156:Footprint R4 on root level
04-17 16:33:30 com_github_MitjaNemec_PlaceFootprints.place_footprints 156:Footprint C25 on root level
04-17 16:33:30 com_github_MitjaNemec_PlaceFootprints.place_footprints 156:Footprint C20 on root level
04-17 16:33:30 com_github_MitjaNemec_PlaceFootprints.place_footprints 156:Footprint J1 on root level
04-17 16:33:30 com_github_MitjaNemec_PlaceFootprints.place_footprints 156:Footprint J21 on root level
04-17 16:33:30 com_github_MitjaNemec_PlaceFootprints.place_footprints 156:Footprint Q4 on root level
04-17 16:33:30 com_github_MitjaNemec_PlaceFootprints.place_footprints 156:Footprint U3 on root level
04-17 16:33:30 com_github_MitjaNemec_PlaceFootprints.place_footprints 156:Footprint U4 on root level
04-17 16:33:30 com_github_MitjaNemec_PlaceFootprints.place_footprints 156:Footprint C11 on root level
04-17 16:33:30 com_github_MitjaNemec_PlaceFootprints.place_footprints 156:Footprint R11 on root level
04-17 16:33:30 com_github_MitjaNemec_PlaceFootprints.place_footprints 156:Footprint C15 on root level
04-17 16:33:30 com_github_MitjaNemec_PlaceFootprints.place_footprints 156:Footprint C30 on root level
04-17 16:33:30 com_github_MitjaNemec_PlaceFootprints.place_footprints 156:Footprint Q2 on root level
04-17 16:33:30 com_github_MitjaNemec_PlaceFootprints.place_footprints 156:Footprint J13 on root level
04-17 16:33:30 com_github_MitjaNemec_PlaceFootprints.place_footprints 156:Footprint J22 on root level
04-17 16:33:30 com_github_MitjaNemec_PlaceFootprints.place_footprints 156:Footprint R12 on root level
04-17 16:33:30 com_github_MitjaNemec_PlaceFootprints.place_footprints 156:Footprint D3 on root level
04-17 16:33:30 com_github_MitjaNemec_PlaceFootprints.place_footprints 156:Footprint U9 on root level
04-17 16:33:30 com_github_MitjaNemec_PlaceFootprints.place_footprints 156:Footprint Q3 on root level
04-17 16:33:30 com_github_MitjaNemec_PlaceFootprints.place_footprints 156:Footprint J16 on root level
04-17 16:33:30 com_github_MitjaNemec_PlaceFootprints.place_footprints 156:Footprint D4 on root level
04-17 16:33:30 com_github_MitjaNemec_PlaceFootprints.place_footprints 156:Footprint D1 on root level
04-17 16:33:30 com_github_MitjaNemec_PlaceFootprints.place_footprints 156:Footprint R14 on root level
04-17 16:33:30 com_github_MitjaNemec_PlaceFootprints.place_footprints 156:Footprint R26 on root level
04-17 16:33:30 com_github_MitjaNemec_PlaceFootprints.place_footprints 156:Footprint C2 on root level
04-17 16:33:30 com_github_MitjaNemec_PlaceFootprints.place_footprints 156:Footprint J10 on root level
04-17 16:33:30 com_github_MitjaNemec_PlaceFootprints.place_footprints 156:Footprint C16 on root level
04-17 16:33:30 com_github_MitjaNemec_PlaceFootprints.place_footprints 156:Footprint J24 on root level
04-17 16:33:30 com_github_MitjaNemec_PlaceFootprints.place_footprints 156:Footprint C8 on root level
04-17 16:33:30 com_github_MitjaNemec_PlaceFootprints.place_footprints 156:Footprint R25 on root level
04-17 16:33:30 com_github_MitjaNemec_PlaceFootprints.place_footprints 156:Footprint C23 on root level
04-17 16:33:30 com_github_MitjaNemec_PlaceFootprints.place_footprints 156:Footprint R19 on root level
04-17 16:33:30 com_github_MitjaNemec_PlaceFootprints.place_footprints 156:Footprint C32 on root level
04-17 16:33:30 com_github_MitjaNemec_PlaceFootprints.place_footprints 156:Footprint R13 on root level
04-17 16:33:30 com_github_MitjaNemec_PlaceFootprints.place_footprints 156:Footprint R2 on root level
04-17 16:33:30 com_github_MitjaNemec_PlaceFootprints.place_footprints 156:Footprint C17 on root level
04-17 16:33:30 com_github_MitjaNemec_PlaceFootprints.place_footprints 156:Footprint C1 on root level
04-17 16:33:30 com_github_MitjaNemec_PlaceFootprints.place_footprints 156:Footprint J3 on root level
04-17 16:33:30 com_github_MitjaNemec_PlaceFootprints.place_footprints 156:Footprint J18 on root level
04-17 16:33:30 com_github_MitjaNemec_PlaceFootprints.place_footprints 156:Footprint C22 on root level
04-17 16:33:30 com_github_MitjaNemec_PlaceFootprints.place_footprints 156:Footprint C26 on root level
04-17 16:33:30 com_github_MitjaNemec_PlaceFootprints.place_footprints 156:Footprint R18 on root level
04-17 16:33:30 com_github_MitjaNemec_PlaceFootprints.place_footprints 156:Footprint R22 on root level
04-17 16:33:30 com_github_MitjaNemec_PlaceFootprints.place_footprints 156:Footprint R1 on root level
04-17 16:33:30 com_github_MitjaNemec_PlaceFootprints.place_footprints 156:Footprint C10 on root level
04-17 16:33:30 com_github_MitjaNemec_PlaceFootprints.place_footprints 156:Footprint FB1 on root level
04-17 16:33:30 com_github_MitjaNemec_PlaceFootprints.place_footprints 156:Footprint C31 on root level
04-17 16:33:30 com_github_MitjaNemec_PlaceFootprints.place_footprints 156:Footprint J11 on root level
04-17 16:33:30 com_github_MitjaNemec_PlaceFootprints.place_footprints 156:Footprint Q1 on root level
04-17 16:33:30 com_github_MitjaNemec_PlaceFootprints.place_footprints 156:Footprint J20 on root level
04-17 16:33:30 com_github_MitjaNemec_PlaceFootprints.place_footprints 156:Footprint R5 on root level
04-17 16:33:30 com_github_MitjaNemec_PlaceFootprints.place_footprints 156:Footprint U2 on root level
04-17 16:33:30 com_github_MitjaNemec_PlaceFootprints.place_footprints 156:Footprint J25 on root level
04-17 16:33:30 com_github_MitjaNemec_PlaceFootprints.place_footprints 156:Footprint R20 on root level
04-17 16:33:30 com_github_MitjaNemec_PlaceFootprints.place_footprints 156:Footprint J17 on root level
04-17 16:33:30 com_github_MitjaNemec_PlaceFootprints.place_footprints 156:Footprint U1 on root level
04-17 16:33:30 com_github_MitjaNemec_PlaceFootprints.place_footprints 156:Footprint C24 on root level
04-17 16:33:30 com_github_MitjaNemec_PlaceFootprints.place_footprints 156:Footprint R9 on root level
04-17 16:33:30 com_github_MitjaNemec_PlaceFootprints.place_footprints 156:Footprint C27 on root level
04-17 16:33:30 com_github_MitjaNemec_PlaceFootprints.place_footprints 156:Footprint J19 on root level
04-17 16:33:30 com_github_MitjaNemec_PlaceFootprints.place_footprints 156:Footprint R27 on root level
04-17 16:33:30 com_github_MitjaNemec_PlaceFootprints.place_footprints 156:Footprint C12 on root level
04-17 16:33:30 com_github_MitjaNemec_PlaceFootprints.place_footprints 156:Footprint J8 on root level
04-17 16:33:30 com_github_MitjaNemec_PlaceFootprints.place_footprints 156:Footprint C21 on root level
04-17 16:33:30 com_github_MitjaNemec_PlaceFootprints.place_footprints 156:Footprint R21 on root level
04-17 16:33:30 com_github_MitjaNemec_PlaceFootprints.place_footprints 156:Footprint J4 on root level
04-17 16:33:30 com_github_MitjaNemec_PlaceFootprints.place_footprints 156:Footprint R6 on root level
04-17 16:33:30 com_github_MitjaNemec_PlaceFootprints.place_footprints 156:Footprint D2 on root level
04-17 16:33:30 com_github_MitjaNemec_PlaceFootprints.place_footprints 156:Footprint C9 on root level
04-17 16:33:30 com_github_MitjaNemec_PlaceFootprints.place_footprints 156:Footprint R7 on root level
04-17 16:33:30 com_github_MitjaNemec_PlaceFootprints.place_footprints 156:Footprint U5 on root level
04-17 16:33:30 com_github_MitjaNemec_PlaceFootprints.place_footprints 156:Footprint C14 on root level
04-17 16:33:30 com_github_MitjaNemec_PlaceFootprints.place_footprints 156:Footprint J2 on root level
04-17 16:33:30 com_github_MitjaNemec_PlaceFootprints.place_footprints 156:Footprint C6 on root level
04-17 16:33:30 com_github_MitjaNemec_PlaceFootprints.place_footprints 156:Footprint C18 on root level
04-17 16:33:30 com_github_MitjaNemec_PlaceFootprints.place_footprints 156:Footprint J12 on root level
04-17 16:33:30 com_github_MitjaNemec_PlaceFootprints.place_footprints 156:Footprint U7 on root level
04-17 16:33:30 com_github_MitjaNemec_PlaceFootprints.place_footprints 156:Footprint U8 on root level
04-17 16:33:30 com_github_MitjaNemec_PlaceFootprints.place_footprints 156:Footprint R8 on root level
04-17 16:33:30 com_github_MitjaNemec_PlaceFootprints.place_footprints 156:Footprint J14 on root level
04-17 16:33:30 com_github_MitjaNemec_PlaceFootprints.place_footprints 156:Footprint R24 on root level
04-17 16:33:30 com_github_MitjaNemec_PlaceFootprints.place_footprints 156:Footprint C13 on root level
04-17 16:33:30 com_github_MitjaNemec_PlaceFootprints.place_footprints 156:Footprint C29 on root level
04-17 16:33:30 com_github_MitjaNemec_PlaceFootprints.place_footprints 156:Footprint R23 on root level
04-17 16:33:30 com_github_MitjaNemec_PlaceFootprints.place_footprints 156:Footprint R3 on root level
04-17 16:33:30 com_github_MitjaNemec_PlaceFootprints.place_footprints 156:Footprint C7 on root level
04-17 16:33:30 com_github_MitjaNemec_PlaceFootprints.place_footprints 156:Footprint C3 on root level
04-17 16:33:30 com_github_MitjaNemec_PlaceFootprints.place_footprints 156:Footprint C5 on root level
04-17 16:33:30 com_github_MitjaNemec_PlaceFootprints.place_footprints 156:Footprint REF** on root level
04-17 16:33:30 com_github_MitjaNemec_PlaceFootprints.place_footprints 156:Footprint REF** on root level
04-17 16:33:30 com_github_MitjaNemec_PlaceFootprints.place_footprints 156:Footprint REF** on root level
04-17 16:33:30 com_github_MitjaNemec_PlaceFootprints.action_place_footprints 717:Reference footprint='J8'
04-17 16:33:31 com_github_MitjaNemec_PlaceFootprints.action_place_footprints 858:Reference designator is: J
04-17 16:33:31 com_github_MitjaNemec_PlaceFootprints.action_place_footprints 859:Reference number is: 8
04-17 16:33:31 com_github_MitjaNemec_PlaceFootprints.action_place_footprints 891:Sorted and filtered list:
['J1', 'J2', 'J3', 'J4', 'J5', 'J6', 'J7', 'J8', 'J9', 'J10', 'J11', 'J12', 'J13', 'J14', 'J15', 'J16', 'J17', 'J18', 'J19', 'J20', 'J21', 'J22', 'J23', 'J24', 'J25']
04-17 16:33:31 com_github_MitjaNemec_PlaceFootprints.action_place_footprints 376:wx.Colour(32, 32, 32, 255)
04-17 16:33:52 com_github_MitjaNemec_PlaceFootprints.action_place_footprints 507:'50'
04-17 16:33:52 com_github_MitjaNemec_PlaceFootprints.action_place_footprints 559:Preparing config for reference circular
04-17 16:33:52 com_github_MitjaNemec_PlaceFootprints.action_place_footprints 573:Saving config file
04-17 16:33:52 com_github_MitjaNemec_PlaceFootprints.action_place_footprints 575:Saved the config file
04-17 16:33:52 com_github_MitjaNemec_PlaceFootprints.action_place_footprints 929:Footprints to place:
['J6', 'J7', 'J8', 'J9']
04-17 16:33:52 com_github_MitjaNemec_PlaceFootprints.place_footprints 359:Starting placing with circular layout
04-17 16:33:52 com_github_MitjaNemec_PlaceFootprints.place_footprints 369:reference footprint position at: VECTOR2I(140762500, 122510000)
04-17 16:33:52 com_github_MitjaNemec_PlaceFootprints.place_footprints 374:rotation center at: (140762500, 172510000.0)
04-17 16:33:52 com_github_MitjaNemec_PlaceFootprints.place_footprints 506:Text of: J8 has property "Keep upright" rotation might not look as intended
04-17 16:33:52 com_github_MitjaNemec_PlaceFootprints.place_footprints 506:Text of: J8 has property "Keep upright" rotation might not look as intended
04-17 16:33:52 com_github_MitjaNemec_PlaceFootprints.place_footprints 506:Text of: J8 has property "Keep upright" rotation might not look as intended
04-17 16:33:52 com_github_MitjaNemec_PlaceFootprints.place_footprints 506:Text of: J8 has property "Keep upright" rotation might not look as intended
04-17 16:33:52 com_github_MitjaNemec_PlaceFootprints.place_footprints 506:Text of: J8 has property "Keep upright" rotation might not look as intended
04-17 16:33:52 com_github_MitjaNemec_PlaceFootprints.place_footprints 506:Text of: J8 has property "Keep upright" rotation might not look as intended
04-17 16:33:52 com_github_MitjaNemec_PlaceFootprints.place_footprints 506:Text of: J8 has property "Keep upright" rotation might not look as intended
04-17 16:33:52 com_github_MitjaNemec_PlaceFootprints.place_footprints 506:Text of: J8 has property "Keep upright" rotation might not look as intended
04-17 16:33:52 com_github_MitjaNemec_PlaceFootprints.place_footprints 506:Text of: J8 has property "Keep upright" rotation might not look as intended
04-17 16:33:52 com_github_MitjaNemec_PlaceFootprints.action_place_footprints 944:Placing complete
